<?xml version="1.0" encoding="UTF-8"?>
<testng-results skipped="0" failed="0" total="1" passed="1">
  <reporter-output>
  </reporter-output>
  <suite name="Suite" duration-ms="106714" started-at="2020-03-19T06:39:49Z" finished-at="2020-03-19T06:41:36Z">
    <groups>
    </groups>
    <test name="Test" duration-ms="106714" started-at="2020-03-19T06:39:49Z" finished-at="2020-03-19T06:41:36Z">
      <class name="TestCases.TestCase1">
        <test-method status="PASS" signature="setupAndLogin()[pri:0, instance:TestCases.TestCase1@53b32d7]" name="setupAndLogin" is-config="true" duration-ms="57603" started-at="2020-03-19T12:09:49Z" finished-at="2020-03-19T12:10:46Z">
          <reporter-output>
          </reporter-output>
        </test-method> <!-- setupAndLogin -->
        <test-method status="PASS" signature="OperationsOn65InchTV()[pri:0, instance:TestCases.TestCase1@53b32d7]" name="OperationsOn65InchTV" duration-ms="49110" started-at="2020-03-19T12:10:46Z" finished-at="2020-03-19T12:11:36Z">
          <reporter-output>
          </reporter-output>
        </test-method> <!-- OperationsOn65InchTV -->
      </class> <!-- TestCases.TestCase1 -->
    </test> <!-- Test -->
  </suite> <!-- Suite -->
</testng-results>
